!SESSION 2015-10-14 12:46:36.887 -----------------------------------------------
eclipse.buildId=4.5.0.I20150603-2000
java.version=1.8.0_45
java.vendor=Oracle Corporation
BootLoader constants: OS=win32, ARCH=x86_64, WS=win32, NL=tr_TR
Framework arguments:  -product org.eclipse.epp.package.java.product
Command-line arguments:  -os win32 -ws win32 -arch x86_64 -product org.eclipse.epp.package.java.product

!ENTRY org.eclipse.oomph.setup.core 4 0 2015-10-14 12:47:16.383
!MESSAGE www.eclipse.org
!STACK 0
org.eclipse.oomph.util.IOExceptionWithCause: www.eclipse.org
	at org.eclipse.oomph.setup.internal.core.util.ECFURIHandlerImpl.createInputStream(ECFURIHandlerImpl.java:266)
	at org.eclipse.emf.ecore.resource.impl.ExtensibleURIConverterImpl.createInputStream(ExtensibleURIConverterImpl.java:360)
	at org.eclipse.oomph.setup.internal.core.util.SetupCoreUtil.handleArchiveRedirection(SetupCoreUtil.java:356)
	at org.eclipse.oomph.setup.internal.core.util.SetupCoreUtil.configureResourceSet(SetupCoreUtil.java:342)
	at org.eclipse.oomph.setup.internal.core.util.SetupCoreUtil.createResourceSet(SetupCoreUtil.java:124)
	at org.eclipse.oomph.setup.ui.SetupUIPlugin.performStartup(SetupUIPlugin.java:369)
	at org.eclipse.oomph.setup.ui.SetupUIPlugin.access$3(SetupUIPlugin.java:310)
	at org.eclipse.oomph.setup.ui.SetupUIPlugin$1$1.run(SetupUIPlugin.java:210)
	at org.eclipse.core.internal.jobs.Worker.run(Worker.java:55)
Caused by: java.net.UnknownHostException: www.eclipse.org
	at java.net.Inet6AddressImpl.lookupAllHostAddr(Native Method)
	at java.net.InetAddress$2.lookupAllHostAddr(Unknown Source)
	at java.net.InetAddress.getAddressesFromNameService(Unknown Source)
	at java.net.InetAddress.getAllByName0(Unknown Source)
	at java.net.InetAddress.getAllByName(Unknown Source)
	at java.net.InetAddress.getAllByName(Unknown Source)
	at org.apache.http.impl.conn.SystemDefaultDnsResolver.resolve(SystemDefaultDnsResolver.java:44)
	at org.apache.http.impl.conn.DefaultClientConnectionOperator.resolveHostname(DefaultClientConnectionOperator.java:259)
	at org.apache.http.impl.conn.DefaultClientConnectionOperator.openConnection(DefaultClientConnectionOperator.java:159)
	at org.apache.http.impl.conn.AbstractPoolEntry.open(AbstractPoolEntry.java:144)
	at org.apache.http.impl.conn.AbstractPooledConnAdapter.open(AbstractPooledConnAdapter.java:131)
	at org.apache.http.impl.client.DefaultRequestDirector.tryConnect(DefaultRequestDirector.java:611)
	at org.apache.http.impl.client.DefaultRequestDirector.execute(DefaultRequestDirector.java:446)
	at org.apache.http.impl.client.AbstractHttpClient.doExecute(AbstractHttpClient.java:863)
	at org.apache.http.impl.client.CloseableHttpClient.execute(CloseableHttpClient.java:82)
	at org.eclipse.ecf.provider.filetransfer.httpclient4.HttpClientRetrieveFileTransfer.performConnect(HttpClientRetrieveFileTransfer.java:1077)
	at org.eclipse.ecf.provider.filetransfer.httpclient4.HttpClientRetrieveFileTransfer.openStreams(HttpClientRetrieveFileTransfer.java:618)
	at org.eclipse.ecf.provider.filetransfer.retrieve.AbstractRetrieveFileTransfer.sendRetrieveRequest(AbstractRetrieveFileTransfer.java:885)
	at org.eclipse.ecf.provider.filetransfer.retrieve.AbstractRetrieveFileTransfer.sendRetrieveRequest(AbstractRetrieveFileTransfer.java:576)
	at org.eclipse.ecf.provider.filetransfer.retrieve.MultiProtocolRetrieveAdapter.sendRetrieveRequest(MultiProtocolRetrieveAdapter.java:106)
	at org.eclipse.oomph.setup.internal.core.util.ECFURIHandlerImpl.createInputStream(ECFURIHandlerImpl.java:201)
	... 8 more

!ENTRY org.eclipse.oomph.setup.core 4 0 2015-10-14 12:47:16.517
!MESSAGE www.eclipse.org
!STACK 0
org.eclipse.oomph.util.IOExceptionWithCause: www.eclipse.org
	at org.eclipse.oomph.setup.internal.core.util.ECFURIHandlerImpl.createInputStream(ECFURIHandlerImpl.java:266)
	at org.eclipse.emf.ecore.resource.impl.ExtensibleURIConverterImpl.createInputStream(ExtensibleURIConverterImpl.java:360)
	at org.eclipse.oomph.setup.internal.core.util.SetupCoreUtil.handleArchiveRedirection(SetupCoreUtil.java:356)
	at org.eclipse.oomph.setup.internal.core.util.SetupCoreUtil.configureResourceSet(SetupCoreUtil.java:342)
	at org.eclipse.oomph.setup.internal.core.util.SetupCoreUtil.createResourceSet(SetupCoreUtil.java:124)
	at org.eclipse.oomph.setup.internal.core.util.UserURIHandlerImpl.create(UserURIHandlerImpl.java:195)
	at org.eclipse.oomph.setup.internal.core.util.UserURIHandlerImpl.exists(UserURIHandlerImpl.java:106)
	at org.eclipse.emf.ecore.resource.impl.ExtensibleURIConverterImpl.exists(ExtensibleURIConverterImpl.java:378)
	at org.eclipse.oomph.setup.ui.SetupUIPlugin$2.run(SetupUIPlugin.java:265)
	at org.eclipse.oomph.util.WorkerPool.begin(WorkerPool.java:119)
	at org.eclipse.oomph.setup.internal.core.util.ResourceMirror.begin(ResourceMirror.java:111)
	at org.eclipse.oomph.setup.ui.SetupUIPlugin.mirror(SetupUIPlugin.java:274)
	at org.eclipse.oomph.setup.ui.SetupUIPlugin.performStartup(SetupUIPlugin.java:377)
	at org.eclipse.oomph.setup.ui.SetupUIPlugin.access$3(SetupUIPlugin.java:310)
	at org.eclipse.oomph.setup.ui.SetupUIPlugin$1$1.run(SetupUIPlugin.java:210)
	at org.eclipse.core.internal.jobs.Worker.run(Worker.java:55)
Caused by: java.net.UnknownHostException: www.eclipse.org
	at java.net.InetAddress.getAllByName0(Unknown Source)
	at java.net.InetAddress.getAllByName(Unknown Source)
	at java.net.InetAddress.getAllByName(Unknown Source)
	at org.apache.http.impl.conn.SystemDefaultDnsResolver.resolve(SystemDefaultDnsResolver.java:44)
	at org.apache.http.impl.conn.DefaultClientConnectionOperator.resolveHostname(DefaultClientConnectionOperator.java:259)
	at org.apache.http.impl.conn.DefaultClientConnectionOperator.openConnection(DefaultClientConnectionOperator.java:159)
	at org.apache.http.impl.conn.AbstractPoolEntry.open(AbstractPoolEntry.java:144)
	at org.apache.http.impl.conn.AbstractPooledConnAdapter.open(AbstractPooledConnAdapter.java:131)
	at org.apache.http.impl.client.DefaultRequestDirector.tryConnect(DefaultRequestDirector.java:611)
	at org.apache.http.impl.client.DefaultRequestDirector.execute(DefaultRequestDirector.java:446)
	at org.apache.http.impl.client.AbstractHttpClient.doExecute(AbstractHttpClient.java:863)
	at org.apache.http.impl.client.CloseableHttpClient.execute(CloseableHttpClient.java:82)
	at org.eclipse.ecf.provider.filetransfer.httpclient4.HttpClientRetrieveFileTransfer.performConnect(HttpClientRetrieveFileTransfer.java:1077)
	at org.eclipse.ecf.provider.filetransfer.httpclient4.HttpClientRetrieveFileTransfer.openStreams(HttpClientRetrieveFileTransfer.java:618)
	at org.eclipse.ecf.provider.filetransfer.retrieve.AbstractRetrieveFileTransfer.sendRetrieveRequest(AbstractRetrieveFileTransfer.java:885)
	at org.eclipse.ecf.provider.filetransfer.retrieve.AbstractRetrieveFileTransfer.sendRetrieveRequest(AbstractRetrieveFileTransfer.java:576)
	at org.eclipse.ecf.provider.filetransfer.retrieve.MultiProtocolRetrieveAdapter.sendRetrieveRequest(MultiProtocolRetrieveAdapter.java:106)
	at org.eclipse.oomph.setup.internal.core.util.ECFURIHandlerImpl.createInputStream(ECFURIHandlerImpl.java:201)
	... 15 more

!ENTRY org.eclipse.oomph.base 2 0 2015-10-14 12:47:16.628
!MESSAGE org.eclipse.oomph.util.IOExceptionWithCause: git.eclipse.org
!STACK 0
org.eclipse.emf.ecore.resource.impl.ResourceSetImpl$1DiagnosticWrappedException: org.eclipse.oomph.util.IOExceptionWithCause: git.eclipse.org
	at org.eclipse.emf.ecore.resource.impl.ResourceSetImpl.handleDemandLoadException(ResourceSetImpl.java:319)
	at org.eclipse.emf.ecore.resource.impl.ResourceSetImpl.demandLoadHelper(ResourceSetImpl.java:278)
	at org.eclipse.emf.ecore.resource.impl.ResourceSetImpl$ResourceLocator.demandLoadHelper(ResourceSetImpl.java:804)
	at org.eclipse.emf.ecore.resource.impl.ResourceSetImpl$MappedResourceLocator.getResource(ResourceSetImpl.java:1204)
	at org.eclipse.oomph.setup.internal.core.util.SetupCoreUtil$1.getResource(SetupCoreUtil.java:294)
	at org.eclipse.emf.ecore.resource.impl.ResourceSetImpl.getResource(ResourceSetImpl.java:352)
	at org.eclipse.oomph.base.util.BaseUtil.loadResourceSafely(BaseUtil.java:54)
	at org.eclipse.oomph.setup.internal.core.SetupContext.getInstallation(SetupContext.java:613)
	at org.eclipse.oomph.setup.internal.core.SetupContext.create(SetupContext.java:248)
	at org.eclipse.oomph.setup.internal.core.SetupTaskPerformer.createForIDE(SetupTaskPerformer.java:3413)
	at org.eclipse.oomph.setup.ui.SetupUIPlugin.performStartup(SetupUIPlugin.java:403)
	at org.eclipse.oomph.setup.ui.SetupUIPlugin.access$3(SetupUIPlugin.java:310)
	at org.eclipse.oomph.setup.ui.SetupUIPlugin$1$1.run(SetupUIPlugin.java:210)
	at org.eclipse.core.internal.jobs.Worker.run(Worker.java:55)
Caused by: org.eclipse.oomph.util.IOExceptionWithCause: git.eclipse.org
	at org.eclipse.oomph.setup.internal.core.util.ECFURIHandlerImpl.createInputStream(ECFURIHandlerImpl.java:266)
	at org.eclipse.emf.ecore.resource.impl.ExtensibleURIConverterImpl.createInputStream(ExtensibleURIConverterImpl.java:360)
	at org.eclipse.emf.ecore.resource.impl.ResourceImpl.load(ResourceImpl.java:1269)
	at org.eclipse.emf.ecore.resource.impl.ResourceSetImpl.demandLoad(ResourceSetImpl.java:259)
	at org.eclipse.emf.ecore.resource.impl.ResourceSetImpl.demandLoadHelper(ResourceSetImpl.java:274)
	... 12 more
Caused by: java.net.UnknownHostException: git.eclipse.org
	at java.net.Inet6AddressImpl.lookupAllHostAddr(Native Method)
	at java.net.InetAddress$2.lookupAllHostAddr(Unknown Source)
	at java.net.InetAddress.getAddressesFromNameService(Unknown Source)
	at java.net.InetAddress.getAllByName0(Unknown Source)
	at java.net.InetAddress.getAllByName(Unknown Source)
	at java.net.InetAddress.getAllByName(Unknown Source)
	at org.apache.http.impl.conn.SystemDefaultDnsResolver.resolve(SystemDefaultDnsResolver.java:44)
	at org.apache.http.impl.conn.DefaultClientConnectionOperator.resolveHostname(DefaultClientConnectionOperator.java:259)
	at org.apache.http.impl.conn.DefaultClientConnectionOperator.openConnection(DefaultClientConnectionOperator.java:159)
	at org.apache.http.impl.conn.AbstractPoolEntry.open(AbstractPoolEntry.java:144)
	at org.apache.http.impl.conn.AbstractPooledConnAdapter.open(AbstractPooledConnAdapter.java:131)
	at org.apache.http.impl.client.DefaultRequestDirector.tryConnect(DefaultRequestDirector.java:611)
	at org.apache.http.impl.client.DefaultRequestDirector.execute(DefaultRequestDirector.java:446)
	at org.apache.http.impl.client.AbstractHttpClient.doExecute(AbstractHttpClient.java:863)
	at org.apache.http.impl.client.CloseableHttpClient.execute(CloseableHttpClient.java:82)
	at org.eclipse.ecf.provider.filetransfer.httpclient4.HttpClientRetrieveFileTransfer.performConnect(HttpClientRetrieveFileTransfer.java:1077)
	at org.eclipse.ecf.provider.filetransfer.httpclient4.HttpClientRetrieveFileTransfer.openStreams(HttpClientRetrieveFileTransfer.java:618)
	at org.eclipse.ecf.provider.filetransfer.retrieve.AbstractRetrieveFileTransfer.sendRetrieveRequest(AbstractRetrieveFileTransfer.java:885)
	at org.eclipse.ecf.provider.filetransfer.retrieve.AbstractRetrieveFileTransfer.sendRetrieveRequest(AbstractRetrieveFileTransfer.java:576)
	at org.eclipse.ecf.provider.filetransfer.retrieve.MultiProtocolRetrieveAdapter.sendRetrieveRequest(MultiProtocolRetrieveAdapter.java:106)
	at org.eclipse.oomph.setup.internal.core.util.ECFURIHandlerImpl.createInputStream(ECFURIHandlerImpl.java:201)
	... 16 more

!ENTRY org.eclipse.oomph.setup.core 4 0 2015-10-14 12:47:16.969
!MESSAGE www.eclipse.org
!STACK 0
org.eclipse.oomph.util.IOExceptionWithCause: www.eclipse.org
	at org.eclipse.oomph.setup.internal.core.util.ECFURIHandlerImpl.createInputStream(ECFURIHandlerImpl.java:266)
	at org.eclipse.emf.ecore.resource.impl.ExtensibleURIConverterImpl.createInputStream(ExtensibleURIConverterImpl.java:360)
	at org.eclipse.oomph.setup.internal.core.util.SetupCoreUtil.handleArchiveRedirection(SetupCoreUtil.java:356)
	at org.eclipse.oomph.setup.internal.core.util.SetupCoreUtil.configureResourceSet(SetupCoreUtil.java:342)
	at org.eclipse.oomph.setup.internal.core.util.SetupCoreUtil.createResourceSet(SetupCoreUtil.java:124)
	at org.eclipse.oomph.setup.internal.core.SetupContext.associate(SetupContext.java:354)
	at org.eclipse.oomph.setup.internal.core.SetupContext.createSelf(SetupContext.java:235)
	at org.eclipse.oomph.setup.ui.SetupUIPlugin.performStartup(SetupUIPlugin.java:416)
	at org.eclipse.oomph.setup.ui.SetupUIPlugin.access$3(SetupUIPlugin.java:310)
	at org.eclipse.oomph.setup.ui.SetupUIPlugin$1$1.run(SetupUIPlugin.java:210)
	at org.eclipse.core.internal.jobs.Worker.run(Worker.java:55)
Caused by: java.net.UnknownHostException: www.eclipse.org
	at java.net.InetAddress.getAllByName0(Unknown Source)
	at java.net.InetAddress.getAllByName(Unknown Source)
	at java.net.InetAddress.getAllByName(Unknown Source)
	at org.apache.http.impl.conn.SystemDefaultDnsResolver.resolve(SystemDefaultDnsResolver.java:44)
	at org.apache.http.impl.conn.DefaultClientConnectionOperator.resolveHostname(DefaultClientConnectionOperator.java:259)
	at org.apache.http.impl.conn.DefaultClientConnectionOperator.openConnection(DefaultClientConnectionOperator.java:159)
	at org.apache.http.impl.conn.AbstractPoolEntry.open(AbstractPoolEntry.java:144)
	at org.apache.http.impl.conn.AbstractPooledConnAdapter.open(AbstractPooledConnAdapter.java:131)
	at org.apache.http.impl.client.DefaultRequestDirector.tryConnect(DefaultRequestDirector.java:611)
	at org.apache.http.impl.client.DefaultRequestDirector.execute(DefaultRequestDirector.java:446)
	at org.apache.http.impl.client.AbstractHttpClient.doExecute(AbstractHttpClient.java:863)
	at org.apache.http.impl.client.CloseableHttpClient.execute(CloseableHttpClient.java:82)
	at org.eclipse.ecf.provider.filetransfer.httpclient4.HttpClientRetrieveFileTransfer.performConnect(HttpClientRetrieveFileTransfer.java:1077)
	at org.eclipse.ecf.provider.filetransfer.httpclient4.HttpClientRetrieveFileTransfer.openStreams(HttpClientRetrieveFileTransfer.java:618)
	at org.eclipse.ecf.provider.filetransfer.retrieve.AbstractRetrieveFileTransfer.sendRetrieveRequest(AbstractRetrieveFileTransfer.java:885)
	at org.eclipse.ecf.provider.filetransfer.retrieve.AbstractRetrieveFileTransfer.sendRetrieveRequest(AbstractRetrieveFileTransfer.java:576)
	at org.eclipse.ecf.provider.filetransfer.retrieve.MultiProtocolRetrieveAdapter.sendRetrieveRequest(MultiProtocolRetrieveAdapter.java:106)
	at org.eclipse.oomph.setup.internal.core.util.ECFURIHandlerImpl.createInputStream(ECFURIHandlerImpl.java:201)
	... 10 more

!ENTRY org.eclipse.epp.logging.aeri.ui 2 23 2015-10-14 12:47:26.299
!MESSAGE The server availability check failed Version: 1.0.0.v20150617-0732
!STACK 0
java.net.UnknownHostException: dev.eclipse.org
	at java.net.Inet6AddressImpl.lookupAllHostAddr(Native Method)
	at java.net.InetAddress$2.lookupAllHostAddr(Unknown Source)
	at java.net.InetAddress.getAddressesFromNameService(Unknown Source)
	at java.net.InetAddress.getAllByName0(Unknown Source)
	at java.net.InetAddress.getAllByName(Unknown Source)
	at java.net.InetAddress.getAllByName(Unknown Source)
	at org.apache.http.impl.conn.SystemDefaultDnsResolver.resolve(SystemDefaultDnsResolver.java:44)
	at org.apache.http.impl.conn.HttpClientConnectionOperator.connect(HttpClientConnectionOperator.java:102)
	at org.apache.http.impl.conn.PoolingHttpClientConnectionManager.connect(PoolingHttpClientConnectionManager.java:319)
	at org.apache.http.impl.execchain.MainClientExec.establishRoute(MainClientExec.java:363)
	at org.apache.http.impl.execchain.MainClientExec.execute(MainClientExec.java:219)
	at org.apache.http.impl.execchain.ProtocolExec.execute(ProtocolExec.java:195)
	at org.apache.http.impl.execchain.RetryExec.execute(RetryExec.java:86)
	at org.apache.http.impl.execchain.RedirectExec.execute(RedirectExec.java:108)
	at org.apache.http.impl.client.InternalHttpClient.doExecute(InternalHttpClient.java:184)
	at org.apache.http.impl.client.CloseableHttpClient.execute(CloseableHttpClient.java:82)
	at org.apache.http.impl.client.CloseableHttpClient.execute(CloseableHttpClient.java:57)
	at org.apache.http.client.fluent.Executor.execute(Executor.java:206)
	at org.eclipse.epp.internal.logging.aeri.ui.log.CheckServerAvailabilityJob.run(CheckServerAvailabilityJob.java:48)
	at org.eclipse.core.internal.jobs.Worker.run(Worker.java:55)

!ENTRY org.eclipse.epp.logging.aeri.ui 2 18 2015-10-14 12:48:16.241
!MESSAGE Updating the index from remote failed. Version: 1.0.0.v20150617-0732
!STACK 0
java.net.UnknownHostException: dev.eclipse.org
	at java.net.Inet6AddressImpl.lookupAllHostAddr(Native Method)
	at java.net.InetAddress$2.lookupAllHostAddr(Unknown Source)
	at java.net.InetAddress.getAddressesFromNameService(Unknown Source)
	at java.net.InetAddress.getAllByName0(Unknown Source)
	at java.net.InetAddress.getAllByName(Unknown Source)
	at java.net.InetAddress.getAllByName(Unknown Source)
	at org.apache.http.impl.conn.SystemDefaultDnsResolver.resolve(SystemDefaultDnsResolver.java:44)
	at org.apache.http.impl.conn.HttpClientConnectionOperator.connect(HttpClientConnectionOperator.java:102)
	at org.apache.http.impl.conn.PoolingHttpClientConnectionManager.connect(PoolingHttpClientConnectionManager.java:319)
	at org.apache.http.impl.execchain.MainClientExec.establishRoute(MainClientExec.java:363)
	at org.apache.http.impl.execchain.MainClientExec.execute(MainClientExec.java:219)
	at org.apache.http.impl.execchain.ProtocolExec.execute(ProtocolExec.java:195)
	at org.apache.http.impl.execchain.RetryExec.execute(RetryExec.java:86)
	at org.apache.http.impl.execchain.RedirectExec.execute(RedirectExec.java:108)
	at org.apache.http.impl.client.InternalHttpClient.doExecute(InternalHttpClient.java:184)
	at org.apache.http.impl.client.CloseableHttpClient.execute(CloseableHttpClient.java:82)
	at org.apache.http.impl.client.CloseableHttpClient.execute(CloseableHttpClient.java:57)
	at org.apache.http.client.fluent.Executor.execute(Executor.java:206)
	at org.eclipse.epp.internal.logging.aeri.ui.log.ProblemsDatabaseUpdateJob.getEtag(ProblemsDatabaseUpdateJob.java:94)
	at org.eclipse.epp.internal.logging.aeri.ui.log.ProblemsDatabaseUpdateJob.run(ProblemsDatabaseUpdateJob.java:58)
	at org.eclipse.core.internal.jobs.Worker.run(Worker.java:55)

!ENTRY org.eclipse.epp.logging.aeri.ui 2 6 2015-10-14 12:48:16.265
!MESSAGE Failed to determine ETAG for remote problems database. Stopping update. Version: 1.0.0.v20150617-0732

!ENTRY org.eclipse.egit.ui 2 0 2015-10-14 12:53:10.374
!MESSAGE Warning: The environment variable HOME is not set. The following directory will be used to store the Git
user global configuration and to define the default location to store repositories: 'C:\Users\Goglomen'. If this is
not correct please set the HOME environment variable and restart Eclipse. Otherwise Git for Windows and
EGit might behave differently since they see different configuration options.
This warning can be switched off on the Team > Git > Confirmations and Warnings preference page.
!SESSION 2015-10-20 10:33:10.485 -----------------------------------------------
eclipse.buildId=4.5.0.I20150603-2000
java.version=1.8.0_45
java.vendor=Oracle Corporation
BootLoader constants: OS=win32, ARCH=x86_64, WS=win32, NL=tr_TR
Framework arguments:  -product org.eclipse.epp.package.java.product
Command-line arguments:  -os win32 -ws win32 -arch x86_64 -product org.eclipse.epp.package.java.product

!ENTRY org.eclipse.egit.ui 2 0 2015-10-20 10:33:41.134
!MESSAGE Warning: The environment variable HOME is not set. The following directory will be used to store the Git
user global configuration and to define the default location to store repositories: 'C:\Users\Goglomen'. If this is
not correct please set the HOME environment variable and restart Eclipse. Otherwise Git for Windows and
EGit might behave differently since they see different configuration options.
This warning can be switched off on the Team > Git > Confirmations and Warnings preference page.

!ENTRY org.eclipse.oomph.setup.core 4 0 2015-10-20 10:33:51.540
!MESSAGE Read timed out
!STACK 0
org.eclipse.oomph.util.IOExceptionWithCause: Read timed out
	at org.eclipse.oomph.setup.internal.core.util.ECFURIHandlerImpl.createInputStream(ECFURIHandlerImpl.java:266)
	at org.eclipse.emf.ecore.resource.impl.ExtensibleURIConverterImpl.createInputStream(ExtensibleURIConverterImpl.java:360)
	at org.eclipse.oomph.setup.internal.core.util.SetupCoreUtil.handleArchiveRedirection(SetupCoreUtil.java:356)
	at org.eclipse.oomph.setup.internal.core.util.SetupCoreUtil.configureResourceSet(SetupCoreUtil.java:342)
	at org.eclipse.oomph.setup.internal.core.util.SetupCoreUtil.createResourceSet(SetupCoreUtil.java:124)
	at org.eclipse.oomph.setup.ui.SetupUIPlugin.performStartup(SetupUIPlugin.java:369)
	at org.eclipse.oomph.setup.ui.SetupUIPlugin.access$3(SetupUIPlugin.java:310)
	at org.eclipse.oomph.setup.ui.SetupUIPlugin$1$1.run(SetupUIPlugin.java:210)
	at org.eclipse.core.internal.jobs.Worker.run(Worker.java:55)
Caused by: java.net.SocketTimeoutException: Read timed out
	at java.net.SocketInputStream.socketRead0(Native Method)
	at java.net.SocketInputStream.socketRead(Unknown Source)
	at java.net.SocketInputStream.read(Unknown Source)
	at java.net.SocketInputStream.read(Unknown Source)
	at org.apache.http.impl.io.AbstractSessionInputBuffer.fillBuffer(AbstractSessionInputBuffer.java:160)
	at org.apache.http.impl.io.SocketInputBuffer.fillBuffer(SocketInputBuffer.java:84)
	at org.apache.http.impl.io.AbstractSessionInputBuffer.readLine(AbstractSessionInputBuffer.java:273)
	at org.apache.http.impl.conn.DefaultHttpResponseParser.parseHead(DefaultHttpResponseParser.java:140)
	at org.apache.http.impl.conn.DefaultHttpResponseParser.parseHead(DefaultHttpResponseParser.java:57)
	at org.apache.http.impl.io.AbstractMessageParser.parse(AbstractMessageParser.java:260)
	at org.apache.http.impl.AbstractHttpClientConnection.receiveResponseHeader(AbstractHttpClientConnection.java:283)
	at org.apache.http.impl.conn.DefaultClientConnection.receiveResponseHeader(DefaultClientConnection.java:251)
	at org.apache.http.impl.conn.AbstractClientConnAdapter.receiveResponseHeader(AbstractClientConnAdapter.java:223)
	at org.apache.http.protocol.HttpRequestExecutor.doReceiveResponse(HttpRequestExecutor.java:271)
	at org.apache.http.protocol.HttpRequestExecutor.execute(HttpRequestExecutor.java:123)
	at org.apache.http.impl.client.DefaultRequestDirector.tryExecute(DefaultRequestDirector.java:685)
	at org.apache.http.impl.client.DefaultRequestDirector.execute(DefaultRequestDirector.java:487)
	at org.apache.http.impl.client.AbstractHttpClient.doExecute(AbstractHttpClient.java:863)
	at org.apache.http.impl.client.CloseableHttpClient.execute(CloseableHttpClient.java:82)
	at org.eclipse.ecf.provider.filetransfer.httpclient4.HttpClientRetrieveFileTransfer.performConnect(HttpClientRetrieveFileTransfer.java:1077)
	at org.eclipse.ecf.provider.filetransfer.httpclient4.HttpClientRetrieveFileTransfer.openStreams(HttpClientRetrieveFileTransfer.java:618)
	at org.eclipse.ecf.provider.filetransfer.retrieve.AbstractRetrieveFileTransfer.sendRetrieveRequest(AbstractRetrieveFileTransfer.java:885)
	at org.eclipse.ecf.provider.filetransfer.retrieve.AbstractRetrieveFileTransfer.sendRetrieveRequest(AbstractRetrieveFileTransfer.java:576)
	at org.eclipse.ecf.provider.filetransfer.retrieve.MultiProtocolRetrieveAdapter.sendRetrieveRequest(MultiProtocolRetrieveAdapter.java:106)
	at org.eclipse.oomph.setup.internal.core.util.ECFURIHandlerImpl.createInputStream(ECFURIHandlerImpl.java:201)
	... 8 more

!ENTRY org.eclipse.oomph.setup.core 4 0 2015-10-20 10:33:56.997
!MESSAGE Premature end of Content-Length delimited message body (expected: 314287; received: 104880
!STACK 0
org.eclipse.oomph.util.IOExceptionWithCause: Premature end of Content-Length delimited message body (expected: 314287; received: 104880
	at org.eclipse.oomph.setup.internal.core.util.ECFURIHandlerImpl.createInputStream(ECFURIHandlerImpl.java:266)
	at org.eclipse.emf.ecore.resource.impl.ExtensibleURIConverterImpl.createInputStream(ExtensibleURIConverterImpl.java:360)
	at org.eclipse.oomph.setup.internal.core.util.SetupCoreUtil.handleArchiveRedirection(SetupCoreUtil.java:356)
	at org.eclipse.oomph.setup.internal.core.util.SetupCoreUtil.configureResourceSet(SetupCoreUtil.java:342)
	at org.eclipse.oomph.setup.internal.core.util.SetupCoreUtil.createResourceSet(SetupCoreUtil.java:124)
	at org.eclipse.oomph.setup.internal.core.SetupContext.associate(SetupContext.java:354)
	at org.eclipse.oomph.setup.internal.core.SetupContext.createSelf(SetupContext.java:235)
	at org.eclipse.oomph.setup.ui.SetupUIPlugin.performStartup(SetupUIPlugin.java:416)
	at org.eclipse.oomph.setup.ui.SetupUIPlugin.access$3(SetupUIPlugin.java:310)
	at org.eclipse.oomph.setup.ui.SetupUIPlugin$1$1.run(SetupUIPlugin.java:210)
	at org.eclipse.core.internal.jobs.Worker.run(Worker.java:55)
Caused by: org.apache.http.ConnectionClosedException: Premature end of Content-Length delimited message body (expected: 314287; received: 104880
	at org.apache.http.impl.io.ContentLengthInputStream.read(ContentLengthInputStream.java:180)
	at org.apache.http.conn.EofSensorInputStream.read(EofSensorInputStream.java:137)
	at java.io.FilterInputStream.read(Unknown Source)
	at java.io.FilterInputStream.read(Unknown Source)
	at org.eclipse.ecf.provider.filetransfer.retrieve.AbstractRetrieveFileTransfer$1.performFileTransfer(AbstractRetrieveFileTransfer.java:178)
	at org.eclipse.ecf.filetransfer.FileTransferJob.run(FileTransferJob.java:73)
	... 1 more

!ENTRY org.eclipse.epp.logging.aeri.ui 2 18 2015-10-20 10:34:41.259
!MESSAGE Updating the index from remote failed. Version: 1.0.0.v20150617-0732
!STACK 0
java.net.UnknownHostException: dev.eclipse.org
	at java.net.Inet6AddressImpl.lookupAllHostAddr(Native Method)
	at java.net.InetAddress$2.lookupAllHostAddr(Unknown Source)
	at java.net.InetAddress.getAddressesFromNameService(Unknown Source)
	at java.net.InetAddress.getAllByName0(Unknown Source)
	at java.net.InetAddress.getAllByName(Unknown Source)
	at java.net.InetAddress.getAllByName(Unknown Source)
	at org.apache.http.impl.conn.SystemDefaultDnsResolver.resolve(SystemDefaultDnsResolver.java:44)
	at org.apache.http.impl.conn.HttpClientConnectionOperator.connect(HttpClientConnectionOperator.java:102)
	at org.apache.http.impl.conn.PoolingHttpClientConnectionManager.connect(PoolingHttpClientConnectionManager.java:319)
	at org.apache.http.impl.execchain.MainClientExec.establishRoute(MainClientExec.java:363)
	at org.apache.http.impl.execchain.MainClientExec.execute(MainClientExec.java:219)
	at org.apache.http.impl.execchain.ProtocolExec.execute(ProtocolExec.java:195)
	at org.apache.http.impl.execchain.RetryExec.execute(RetryExec.java:86)
	at org.apache.http.impl.execchain.RedirectExec.execute(RedirectExec.java:108)
	at org.apache.http.impl.client.InternalHttpClient.doExecute(InternalHttpClient.java:184)
	at org.apache.http.impl.client.CloseableHttpClient.execute(CloseableHttpClient.java:82)
	at org.apache.http.impl.client.CloseableHttpClient.execute(CloseableHttpClient.java:57)
	at org.apache.http.client.fluent.Executor.execute(Executor.java:206)
	at org.eclipse.epp.internal.logging.aeri.ui.log.ProblemsDatabaseUpdateJob.getEtag(ProblemsDatabaseUpdateJob.java:94)
	at org.eclipse.epp.internal.logging.aeri.ui.log.ProblemsDatabaseUpdateJob.run(ProblemsDatabaseUpdateJob.java:58)
	at org.eclipse.core.internal.jobs.Worker.run(Worker.java:55)

!ENTRY org.eclipse.epp.logging.aeri.ui 2 6 2015-10-20 10:34:41.271
!MESSAGE Failed to determine ETAG for remote problems database. Stopping update. Version: 1.0.0.v20150617-0732

!ENTRY org.eclipse.m2e.logback.appender 2 0 2015-10-20 10:47:01.373
!MESSAGE Failed to download org.eclipse.recommenders:index::zip:0.0.0
!STACK 0
org.eclipse.aether.resolution.ArtifactResolutionException: Could not transfer artifact org.eclipse.recommenders:index:zip:0.0.0-SNAPSHOT from/to models (http://download.eclipse.org/recommenders/models/mars/): download.eclipse.org
	at org.eclipse.aether.internal.impl.DefaultArtifactResolver.resolve(DefaultArtifactResolver.java:444)
	at org.eclipse.aether.internal.impl.DefaultArtifactResolver.resolveArtifacts(DefaultArtifactResolver.java:246)
	at org.eclipse.aether.internal.impl.DefaultArtifactResolver.resolveArtifact(DefaultArtifactResolver.java:223)
	at org.eclipse.aether.internal.impl.DefaultRepositorySystem.resolveArtifact(DefaultRepositorySystem.java:294)
	at org.eclipse.recommenders.models.ModelRepository.resolveInternal(ModelRepository.java:190)
	at org.eclipse.recommenders.models.ModelRepository.resolve(ModelRepository.java:172)
	at org.eclipse.recommenders.internal.models.rcp.EclipseModelRepository.resolve(EclipseModelRepository.java:167)
	at org.eclipse.recommenders.internal.models.rcp.DownloadModelArchiveJob.run(DownloadModelArchiveJob.java:76)
	at org.eclipse.core.internal.jobs.Worker.run(Worker.java:55)
Caused by: org.eclipse.aether.transfer.ArtifactTransferException: Could not transfer artifact org.eclipse.recommenders:index:zip:0.0.0-SNAPSHOT from/to models (http://download.eclipse.org/recommenders/models/mars/): download.eclipse.org
	at org.eclipse.aether.connector.basic.ArtifactTransportListener.transferFailed(ArtifactTransportListener.java:43)
	at org.eclipse.aether.connector.basic.BasicRepositoryConnector$TaskRunner.run(BasicRepositoryConnector.java:355)
	at org.eclipse.aether.util.concurrency.RunnableErrorForwarder$1.run(RunnableErrorForwarder.java:67)
	at org.eclipse.aether.connector.basic.BasicRepositoryConnector$DirectExecutor.execute(BasicRepositoryConnector.java:581)
	at org.eclipse.aether.connector.basic.BasicRepositoryConnector.get(BasicRepositoryConnector.java:249)
	at org.eclipse.aether.internal.impl.DefaultArtifactResolver.performDownloads(DefaultArtifactResolver.java:520)
	at org.eclipse.aether.internal.impl.DefaultArtifactResolver.resolve(DefaultArtifactResolver.java:421)
	... 8 more
Caused by: java.net.UnknownHostException: download.eclipse.org
	at java.net.InetAddress.getAllByName0(Unknown Source)
	at java.net.InetAddress.getAllByName(Unknown Source)
	at java.net.InetAddress.getAllByName(Unknown Source)
	at org.apache.http.impl.conn.SystemDefaultDnsResolver.resolve(SystemDefaultDnsResolver.java:44)
	at org.apache.http.impl.conn.DefaultClientConnectionOperator.resolveHostname(DefaultClientConnectionOperator.java:259)
	at org.apache.http.impl.conn.DefaultClientConnectionOperator.openConnection(DefaultClientConnectionOperator.java:159)
	at org.apache.http.impl.conn.ManagedClientConnectionImpl.open(ManagedClientConnectionImpl.java:304)
	at org.apache.http.impl.client.DefaultRequestDirector.tryConnect(DefaultRequestDirector.java:611)
	at org.apache.http.impl.client.DefaultRequestDirector.execute(DefaultRequestDirector.java:446)
	at org.apache.http.impl.client.AbstractHttpClient.doExecute(AbstractHttpClient.java:863)
	at org.apache.http.impl.client.CloseableHttpClient.execute(CloseableHttpClient.java:72)
	at org.apache.http.impl.client.CloseableHttpClient.execute(CloseableHttpClient.java:57)
	at org.apache.http.impl.client.DecompressingHttpClient.execute(DecompressingHttpClient.java:158)
	at org.eclipse.aether.transport.http.HttpTransporter.execute(HttpTransporter.java:287)
	at org.eclipse.aether.transport.http.HttpTransporter.implGet(HttpTransporter.java:243)
	at org.eclipse.aether.spi.connector.transport.AbstractTransporter.get(AbstractTransporter.java:59)
	at org.eclipse.aether.connector.basic.BasicRepositoryConnector$GetTaskRunner.runTask(BasicRepositoryConnector.java:447)
	at org.eclipse.aether.connector.basic.BasicRepositoryConnector$TaskRunner.run(BasicRepositoryConnector.java:350)
	... 13 more

!ENTRY org.eclipse.recommenders.models.rcp 1 0 2015-10-20 10:47:01.386
!MESSAGE org.eclipse.recommenders:index::zip:0.0.0 could not be resolved from the model repositories. Are you offline?
!SESSION 2015-11-05 11:12:24.157 -----------------------------------------------
eclipse.buildId=4.5.0.I20150603-2000
java.version=1.8.0_65
java.vendor=Oracle Corporation
BootLoader constants: OS=win32, ARCH=x86_64, WS=win32, NL=tr_TR
Framework arguments:  -product org.eclipse.epp.package.java.product
Command-line arguments:  -os win32 -ws win32 -arch x86_64 -product org.eclipse.epp.package.java.product

!ENTRY org.eclipse.egit.ui 2 0 2015-11-05 11:13:09.368
!MESSAGE Warning: The environment variable HOME is not set. The following directory will be used to store the Git
user global configuration and to define the default location to store repositories: 'C:\Users\Goglomen'. If this is
not correct please set the HOME environment variable and restart Eclipse. Otherwise Git for Windows and
EGit might behave differently since they see different configuration options.
This warning can be switched off on the Team > Git > Confirmations and Warnings preference page.

!ENTRY org.eclipse.m2e.logback.appender 2 0 2015-11-05 11:17:45.911
!MESSAGE Failed to download org.eclipse.recommenders:index::zip:0.0.0
!STACK 0
org.eclipse.aether.resolution.ArtifactResolutionException: Could not transfer artifact org.eclipse.recommenders:index:zip:0.0.0-SNAPSHOT from/to models (http://download.eclipse.org/recommenders/models/mars/): Forbidden (403)
	at org.eclipse.aether.internal.impl.DefaultArtifactResolver.resolve(DefaultArtifactResolver.java:444)
	at org.eclipse.aether.internal.impl.DefaultArtifactResolver.resolveArtifacts(DefaultArtifactResolver.java:246)
	at org.eclipse.aether.internal.impl.DefaultArtifactResolver.resolveArtifact(DefaultArtifactResolver.java:223)
	at org.eclipse.aether.internal.impl.DefaultRepositorySystem.resolveArtifact(DefaultRepositorySystem.java:294)
	at org.eclipse.recommenders.models.ModelRepository.resolveInternal(ModelRepository.java:190)
	at org.eclipse.recommenders.models.ModelRepository.resolve(ModelRepository.java:172)
	at org.eclipse.recommenders.internal.models.rcp.EclipseModelRepository.resolve(EclipseModelRepository.java:167)
	at org.eclipse.recommenders.internal.models.rcp.DownloadModelArchiveJob.run(DownloadModelArchiveJob.java:76)
	at org.eclipse.core.internal.jobs.Worker.run(Worker.java:55)
Caused by: org.eclipse.aether.transfer.ArtifactTransferException: Could not transfer artifact org.eclipse.recommenders:index:zip:0.0.0-SNAPSHOT from/to models (http://download.eclipse.org/recommenders/models/mars/): Forbidden (403)
	at org.eclipse.aether.connector.basic.ArtifactTransportListener.transferFailed(ArtifactTransportListener.java:43)
	at org.eclipse.aether.connector.basic.BasicRepositoryConnector$TaskRunner.run(BasicRepositoryConnector.java:355)
	at org.eclipse.aether.util.concurrency.RunnableErrorForwarder$1.run(RunnableErrorForwarder.java:67)
	at org.eclipse.aether.connector.basic.BasicRepositoryConnector$DirectExecutor.execute(BasicRepositoryConnector.java:581)
	at org.eclipse.aether.connector.basic.BasicRepositoryConnector.get(BasicRepositoryConnector.java:249)
	at org.eclipse.aether.internal.impl.DefaultArtifactResolver.performDownloads(DefaultArtifactResolver.java:520)
	at org.eclipse.aether.internal.impl.DefaultArtifactResolver.resolve(DefaultArtifactResolver.java:421)
	... 8 more
Caused by: org.apache.http.client.HttpResponseException: Forbidden (403)
	at org.eclipse.aether.transport.http.HttpTransporter.handleStatus(HttpTransporter.java:466)
	at org.eclipse.aether.transport.http.HttpTransporter.execute(HttpTransporter.java:291)
	at org.eclipse.aether.transport.http.HttpTransporter.implGet(HttpTransporter.java:243)
	at org.eclipse.aether.spi.connector.transport.AbstractTransporter.get(AbstractTransporter.java:59)
	at org.eclipse.aether.connector.basic.BasicRepositoryConnector$GetTaskRunner.runTask(BasicRepositoryConnector.java:447)
	at org.eclipse.aether.connector.basic.BasicRepositoryConnector$TaskRunner.run(BasicRepositoryConnector.java:350)
	... 13 more

!ENTRY org.eclipse.recommenders.models.rcp 1 0 2015-11-05 11:17:45.919
!MESSAGE org.eclipse.recommenders:index::zip:0.0.0 could not be resolved from the model repositories. Are you offline?
!SESSION 2015-11-05 14:48:23.895 -----------------------------------------------
eclipse.buildId=4.5.0.I20150603-2000
java.version=1.8.0_65
java.vendor=Oracle Corporation
BootLoader constants: OS=win32, ARCH=x86_64, WS=win32, NL=tr_TR
Framework arguments:  -product org.eclipse.epp.package.java.product
Command-line arguments:  -os win32 -ws win32 -arch x86_64 -product org.eclipse.epp.package.java.product

!ENTRY org.eclipse.egit.ui 2 0 2015-11-05 14:48:38.454
!MESSAGE Warning: The environment variable HOME is not set. The following directory will be used to store the Git
user global configuration and to define the default location to store repositories: 'C:\Users\Goglomen'. If this is
not correct please set the HOME environment variable and restart Eclipse. Otherwise Git for Windows and
EGit might behave differently since they see different configuration options.
This warning can be switched off on the Team > Git > Confirmations and Warnings preference page.

!ENTRY org.eclipse.m2e.logback.appender 2 0 2015-11-05 14:48:48.485
!MESSAGE Failed to download org.eclipse.recommenders:index::zip:0.0.0
!STACK 0
org.eclipse.aether.resolution.ArtifactResolutionException: Could not transfer artifact org.eclipse.recommenders:index:zip:0.0.0-SNAPSHOT from/to models (http://download.eclipse.org/recommenders/models/mars/): Forbidden (403)
	at org.eclipse.aether.internal.impl.DefaultArtifactResolver.resolve(DefaultArtifactResolver.java:444)
	at org.eclipse.aether.internal.impl.DefaultArtifactResolver.resolveArtifacts(DefaultArtifactResolver.java:246)
	at org.eclipse.aether.internal.impl.DefaultArtifactResolver.resolveArtifact(DefaultArtifactResolver.java:223)
	at org.eclipse.aether.internal.impl.DefaultRepositorySystem.resolveArtifact(DefaultRepositorySystem.java:294)
	at org.eclipse.recommenders.models.ModelRepository.resolveInternal(ModelRepository.java:190)
	at org.eclipse.recommenders.models.ModelRepository.resolve(ModelRepository.java:172)
	at org.eclipse.recommenders.internal.models.rcp.EclipseModelRepository.resolve(EclipseModelRepository.java:167)
	at org.eclipse.recommenders.internal.models.rcp.DownloadModelArchiveJob.run(DownloadModelArchiveJob.java:76)
	at org.eclipse.core.internal.jobs.Worker.run(Worker.java:55)
Caused by: org.eclipse.aether.transfer.ArtifactTransferException: Could not transfer artifact org.eclipse.recommenders:index:zip:0.0.0-SNAPSHOT from/to models (http://download.eclipse.org/recommenders/models/mars/): Forbidden (403)
	at org.eclipse.aether.connector.basic.ArtifactTransportListener.transferFailed(ArtifactTransportListener.java:43)
	at org.eclipse.aether.connector.basic.BasicRepositoryConnector$TaskRunner.run(BasicRepositoryConnector.java:355)
	at org.eclipse.aether.util.concurrency.RunnableErrorForwarder$1.run(RunnableErrorForwarder.java:67)
	at org.eclipse.aether.connector.basic.BasicRepositoryConnector$DirectExecutor.execute(BasicRepositoryConnector.java:581)
	at org.eclipse.aether.connector.basic.BasicRepositoryConnector.get(BasicRepositoryConnector.java:249)
	at org.eclipse.aether.internal.impl.DefaultArtifactResolver.performDownloads(DefaultArtifactResolver.java:520)
	at org.eclipse.aether.internal.impl.DefaultArtifactResolver.resolve(DefaultArtifactResolver.java:421)
	... 8 more
Caused by: org.apache.http.client.HttpResponseException: Forbidden (403)
	at org.eclipse.aether.transport.http.HttpTransporter.handleStatus(HttpTransporter.java:466)
	at org.eclipse.aether.transport.http.HttpTransporter.execute(HttpTransporter.java:291)
	at org.eclipse.aether.transport.http.HttpTransporter.implGet(HttpTransporter.java:243)
	at org.eclipse.aether.spi.connector.transport.AbstractTransporter.get(AbstractTransporter.java:59)
	at org.eclipse.aether.connector.basic.BasicRepositoryConnector$GetTaskRunner.runTask(BasicRepositoryConnector.java:447)
	at org.eclipse.aether.connector.basic.BasicRepositoryConnector$TaskRunner.run(BasicRepositoryConnector.java:350)
	... 13 more

!ENTRY org.eclipse.recommenders.models.rcp 1 0 2015-11-05 14:48:48.492
!MESSAGE org.eclipse.recommenders:index::zip:0.0.0 could not be resolved from the model repositories. Are you offline?
